<?xml version="1.0" encoding="UTF-8"?>
<testsuite name="org.datacleaner.components.fuse.CoalesceUnitConverterTest" time="0.044" tests="3" errors="0" skipped="0" failures="0">
  <properties>
    <property name="idea.version" value="2018.3.3"/>
    <property name="java.runtime.name" value="Java(TM) SE Runtime Environment"/>
    <property name="sun.boot.library.path" value="D:\Software\Java\jdk1.8.0_201\jre\bin"/>
    <property name="java.vm.version" value="25.201-b09"/>
    <property name="java.vm.vendor" value="Oracle Corporation"/>
    <property name="maven.multiModuleProjectDirectory" value="D:\DataCleaner-DataCleaner-5.1.0\components\fuse"/>
    <property name="java.vendor.url" value="http://java.oracle.com/"/>
    <property name="path.separator" value=";"/>
    <property name="guice.disable.misplaced.annotation.check" value="true"/>
    <property name="java.vm.name" value="Java HotSpot(TM) 64-Bit Server VM"/>
    <property name="file.encoding.pkg" value="sun.io"/>
    <property name="user.script" value=""/>
    <property name="user.country" value="CN"/>
    <property name="sun.java.launcher" value="SUN_STANDARD"/>
    <property name="sun.os.patch.level" value=""/>
    <property name="java.vm.specification.name" value="Java Virtual Machine Specification"/>
    <property name="user.dir" value="D:\DataCleaner-DataCleaner-5.1.0\components\fuse"/>
    <property name="java.runtime.version" value="1.8.0_201-b09"/>
    <property name="java.awt.graphicsenv" value="sun.awt.Win32GraphicsEnvironment"/>
    <property name="java.endorsed.dirs" value="D:\Software\Java\jdk1.8.0_201\jre\lib\endorsed"/>
    <property name="os.arch" value="amd64"/>
    <property name="java.io.tmpdir" value="C:\Users\yanqw\AppData\Local\Temp\"/>
    <property name="line.separator" value="&#10;"/>
    <property name="java.vm.specification.vendor" value="Oracle Corporation"/>
    <property name="user.variant" value=""/>
    <property name="os.name" value="Windows 10"/>
    <property name="classworlds.conf" value="C:\software\JetBrains\IntelliJ IDEA 2018.3.3\plugins\maven\lib\maven3\bin\m2.conf"/>
    <property name="sun.jnu.encoding" value="GBK"/>
    <property name="java.library.path" value="D:\Software\Java\jdk1.8.0_201\bin;C:\WINDOWS\Sun\Java\bin;C:\WINDOWS\system32;C:\WINDOWS;D:\Software\NetSarang\Xshell 6\;D:\Software\NetSarang\Xftp 6\;D:\app\yanqw\product\11.1.0\db_1\bin;C:\Program Files (x86)\Common Files\Oracle\Java\javapath;C:\Program Files (x86)\Intel\Intel(R) Management Engine Components\iCLS\;C:\Program Files\Intel\Intel(R) Management Engine Components\iCLS\;C:\Windows\system32;C:\Windows;C:\Windows\System32\Wbem;C:\Windows\System32\WindowsPowerShell\v1.0\;C:\Windows\System32\OpenSSH\;C:\Program Files (x86)\NVIDIA Corporation\PhysX\Common;C:\Program Files (x86)\Intel\Intel(R) Management Engine Components\DAL;C:\Program Files\Intel\Intel(R) Management Engine Components\DAL;C:\Program Files (x86)\Intel\Intel(R) Management Engine Components\IPT;C:\Program Files\Intel\Intel(R) Management Engine Components\IPT;C:\Program Files\Intel\WiFi\bin\;C:\Program Files\Common Files\Intel\WirelessCommon\;D:\Software\Java\jdk1.8.0_201\bin;D:\Software\Java\jdk1.8.0_201\jre\bin;D:\Software\TortoiseSVN\bin;C:\Program Files\NVIDIA Corporation\NVIDIA NvDLISR;D:\Software\Git\cmd;C:\software\JetBrains\IntelliJ IDEA 2018.3.3\plugins\maven\lib\maven3\bin;;C:\WINDOWS\system32;C:\WINDOWS;C:\WINDOWS\System32\Wbem;C:\WINDOWS\System32\WindowsPowerShell\v1.0\;C:\WINDOWS\System32\OpenSSH\;D:\Software\Scala\bin;C:\Users\yanqw\AppData\Local\Microsoft\WindowsApps;D:\Software\OpenVPN\bin;;."/>
    <property name="java.specification.name" value="Java Platform API Specification"/>
    <property name="java.class.version" value="52.0"/>
    <property name="sun.management.compiler" value="HotSpot 64-Bit Tiered Compilers"/>
    <property name="maven.repo.local" value="D:\m3\com"/>
    <property name="os.version" value="10.0"/>
    <property name="user.home" value="C:\Users\yanqw"/>
    <property name="user.timezone" value="Asia/Shanghai"/>
    <property name="java.awt.printerjob" value="sun.awt.windows.WPrinterJob"/>
    <property name="java.specification.version" value="1.8"/>
    <property name="file.encoding" value="UTF-8"/>
    <property name="user.name" value="yanqw"/>
    <property name="java.class.path" value="C:\software\JetBrains\IntelliJ IDEA 2018.3.3\plugins\maven\lib\maven3\boot\plexus-classworlds-2.5.2.jar;C:\software\JetBrains\IntelliJ IDEA 2018.3.3\lib\idea_rt.jar"/>
    <property name="java.vm.specification.version" value="1.8"/>
    <property name="sun.arch.data.model" value="64"/>
    <property name="java.home" value="D:\Software\Java\jdk1.8.0_201\jre"/>
    <property name="sun.java.command" value="org.codehaus.classworlds.Launcher -Didea.version=2018.3.3 -s D:\m3\settings_ailyun.xml -Dmaven.repo.local=D:\m3\com clean install"/>
    <property name="java.specification.vendor" value="Oracle Corporation"/>
    <property name="user.language" value="zh"/>
    <property name="awt.toolkit" value="sun.awt.windows.WToolkit"/>
    <property name="java.vm.info" value="mixed mode"/>
    <property name="java.version" value="1.8.0_201"/>
    <property name="java.ext.dirs" value="D:\Software\Java\jdk1.8.0_201\jre\lib\ext;C:\WINDOWS\Sun\Java\lib\ext"/>
    <property name="sun.boot.class.path" value="D:\Software\Java\jdk1.8.0_201\jre\lib\resources.jar;D:\Software\Java\jdk1.8.0_201\jre\lib\rt.jar;D:\Software\Java\jdk1.8.0_201\jre\lib\sunrsasign.jar;D:\Software\Java\jdk1.8.0_201\jre\lib\jsse.jar;D:\Software\Java\jdk1.8.0_201\jre\lib\jce.jar;D:\Software\Java\jdk1.8.0_201\jre\lib\charsets.jar;D:\Software\Java\jdk1.8.0_201\jre\lib\jfr.jar;D:\Software\Java\jdk1.8.0_201\jre\classes"/>
    <property name="java.vendor" value="Oracle Corporation"/>
    <property name="maven.home" value="C:\software\JetBrains\IntelliJ IDEA 2018.3.3\plugins\maven\lib\maven3"/>
    <property name="file.separator" value="\"/>
    <property name="java.vendor.url.bug" value="http://bugreport.sun.com/bugreport/"/>
    <property name="sun.cpu.endian" value="little"/>
    <property name="sun.io.unicode.encoding" value="UnicodeLittle"/>
    <property name="sun.desktop" value="windows"/>
    <property name="sun.cpu.isalist" value="amd64"/>
  </properties>
  <testcase name="testConvertCommaNames" classname="org.datacleaner.components.fuse.CoalesceUnitConverterTest" time="0.043"/>
  <testcase name="testDiscoverAndResolveConverter" classname="org.datacleaner.components.fuse.CoalesceUnitConverterTest" time="0.001"/>
  <testcase name="testGetOutputDataType" classname="org.datacleaner.components.fuse.CoalesceUnitConverterTest" time="0"/>
</testsuite>